This file contains any messages produced by compilers while
running configure, to aid debugging if configure makes a mistake.

It was created by strangecalc-wrapper configure 10.3, which was
generated by GNU Autoconf 2.69.  Invocation command line was

  $ ./configure --prefix=/home/mgovers/Software/strangecalc CXX=g++ CXXFLAGS= -O3 -std=c++0x

## --------- ##
## Platform. ##
## --------- ##

hostname = mgovers-X756UX
uname -m = x86_64
uname -r = 4.4.0-38-generic
uname -s = Linux
uname -v = #57-Ubuntu SMP Tue Sep 6 15:42:33 UTC 2016

/usr/bin/uname -p = unknown
/bin/uname -X     = unknown

/bin/arch              = unknown
/usr/bin/arch -k       = unknown
/usr/convex/getsysinfo = unknown
/usr/bin/hostinfo      = unknown
/bin/machine           = unknown
/usr/bin/oslevel       = unknown
/bin/universe          = unknown

PATH: /home/mgovers/bin
PATH: /home/mgovers/.local/bin
PATH: /usr/local/sbin
PATH: /usr/local/bin
PATH: /usr/sbin
PATH: /usr/bin
PATH: /sbin
PATH: /bin
PATH: /usr/games
PATH: /usr/local/games
PATH: /snap/bin


## ----------- ##
## Core tests. ##
## ----------- ##

configure:2459: checking for a BSD-compatible install
configure:2527: result: /usr/bin/install -c
configure:2538: checking whether build environment is sane
configure:2593: result: yes
configure:2744: checking for a thread-safe mkdir -p
configure:2783: result: /bin/mkdir -p
configure:2790: checking for gawk
configure:2820: result: no
configure:2790: checking for mawk
configure:2806: found /usr/bin/mawk
configure:2817: result: mawk
configure:2828: checking whether make sets $(MAKE)
configure:2850: result: yes
configure:2879: checking whether make supports nested variables
configure:2896: result: yes
configure:3135: checking for C++ compiler version
configure:3144: g++ --version >&5
g++ (Ubuntu 4.9.3-13ubuntu2) 4.9.3
Copyright (C) 2015 Free Software Foundation, Inc.
This is free software; see the source for copying conditions.  There is NO
warranty; not even for MERCHANTABILITY or FITNESS FOR A PARTICULAR PURPOSE.

configure:3155: $? = 0
configure:3144: g++ -v >&5
Using built-in specs.
COLLECT_GCC=g++
COLLECT_LTO_WRAPPER=/usr/lib/gcc/x86_64-linux-gnu/4.9/lto-wrapper
Target: x86_64-linux-gnu
Configured with: ../src/configure -v --with-pkgversion='Ubuntu 4.9.3-13ubuntu2' --with-bugurl=file:///usr/share/doc/gcc-4.9/README.Bugs --enable-languages=c,c++,java,go,d,fortran,objc,obj-c++ --prefix=/usr --program-suffix=-4.9 --enable-shared --enable-linker-build-id --libexecdir=/usr/lib --without-included-gettext --enable-threads=posix --with-gxx-include-dir=/usr/include/c++/4.9 --libdir=/usr/lib --enable-nls --with-sysroot=/ --enable-clocale=gnu --enable-libstdcxx-debug --enable-libstdcxx-time=yes --enable-gnu-unique-object --disable-vtable-verify --enable-plugin --with-system-zlib --disable-browser-plugin --enable-java-awt=gtk --enable-gtk-cairo --with-java-home=/usr/lib/jvm/java-1.5.0-gcj-4.9-amd64/jre --enable-java-home --with-jvm-root-dir=/usr/lib/jvm/java-1.5.0-gcj-4.9-amd64 --with-jvm-jar-dir=/usr/lib/jvm-exports/java-1.5.0-gcj-4.9-amd64 --with-arch-directory=amd64 --with-ecj-jar=/usr/share/java/eclipse-ecj.jar --enable-objc-gc --enable-multiarch --disable-werror --with-arch-32=i686 --with-abi=m64 --with-multilib-list=m32,m64,mx32 --enable-multilib --with-tune=generic --enable-checking=release --build=x86_64-linux-gnu --host=x86_64-linux-gnu --target=x86_64-linux-gnu
Thread model: posix
gcc version 4.9.3 (Ubuntu 4.9.3-13ubuntu2) 
configure:3155: $? = 0
configure:3144: g++ -V >&5
g++: error: unrecognized command line option '-V'
g++: fatal error: no input files
compilation terminated.
configure:3155: $? = 4
configure:3144: g++ -qversion >&5
g++: error: unrecognized command line option '-qversion'
g++: fatal error: no input files
compilation terminated.
configure:3155: $? = 4
configure:3175: checking whether the C++ compiler works
configure:3197: g++  -O3 -std=c++0x   conftest.cpp  >&5
configure:3201: $? = 0
configure:3249: result: yes
configure:3252: checking for C++ compiler default output file name
configure:3254: result: a.out
configure:3260: checking for suffix of executables
configure:3267: g++ -o conftest  -O3 -std=c++0x   conftest.cpp  >&5
configure:3271: $? = 0
configure:3293: result: 
configure:3315: checking whether we are cross compiling
configure:3323: g++ -o conftest  -O3 -std=c++0x   conftest.cpp  >&5
configure:3327: $? = 0
configure:3334: ./conftest
configure:3338: $? = 0
configure:3353: result: no
configure:3358: checking for suffix of object files
configure:3380: g++ -c  -O3 -std=c++0x  conftest.cpp >&5
configure:3384: $? = 0
configure:3405: result: o
configure:3409: checking whether we are using the GNU C++ compiler
configure:3428: g++ -c  -O3 -std=c++0x  conftest.cpp >&5
configure:3428: $? = 0
configure:3437: result: yes
configure:3446: checking whether g++ accepts -g
configure:3466: g++ -c -g  conftest.cpp >&5
configure:3466: $? = 0
configure:3507: result: yes
configure:3541: checking for style of include used by make
configure:3569: result: GNU
configure:3595: checking dependency style of g++
configure:3706: result: gcc3
configure:3742: g++ -c  -O3 -std=c++0x  conftest.cpp >&5
configure:3742: $? = 0
configure:3778: checking build system type
configure:3792: result: x86_64-pc-linux-gnu
configure:3812: checking host system type
configure:3825: result: x86_64-pc-linux-gnu
configure:3866: checking how to print strings
configure:3893: result: printf
configure:3962: checking for gcc
configure:3978: found /usr/bin/gcc
configure:3989: result: gcc
configure:4218: checking for C compiler version
configure:4227: gcc --version >&5
gcc (Ubuntu 4.9.3-13ubuntu2) 4.9.3
Copyright (C) 2015 Free Software Foundation, Inc.
This is free software; see the source for copying conditions.  There is NO
warranty; not even for MERCHANTABILITY or FITNESS FOR A PARTICULAR PURPOSE.

configure:4238: $? = 0
configure:4227: gcc -v >&5
Using built-in specs.
COLLECT_GCC=gcc
COLLECT_LTO_WRAPPER=/usr/lib/gcc/x86_64-linux-gnu/4.9/lto-wrapper
Target: x86_64-linux-gnu
Configured with: ../src/configure -v --with-pkgversion='Ubuntu 4.9.3-13ubuntu2' --with-bugurl=file:///usr/share/doc/gcc-4.9/README.Bugs --enable-languages=c,c++,java,go,d,fortran,objc,obj-c++ --prefix=/usr --program-suffix=-4.9 --enable-shared --enable-linker-build-id --libexecdir=/usr/lib --without-included-gettext --enable-threads=posix --with-gxx-include-dir=/usr/include/c++/4.9 --libdir=/usr/lib --enable-nls --with-sysroot=/ --enable-clocale=gnu --enable-libstdcxx-debug --enable-libstdcxx-time=yes --enable-gnu-unique-object --disable-vtable-verify --enable-plugin --with-system-zlib --disable-browser-plugin --enable-java-awt=gtk --enable-gtk-cairo --with-java-home=/usr/lib/jvm/java-1.5.0-gcj-4.9-amd64/jre --enable-java-home --with-jvm-root-dir=/usr/lib/jvm/java-1.5.0-gcj-4.9-amd64 --with-jvm-jar-dir=/usr/lib/jvm-exports/java-1.5.0-gcj-4.9-amd64 --with-arch-directory=amd64 --with-ecj-jar=/usr/share/java/eclipse-ecj.jar --enable-objc-gc --enable-multiarch --disable-werror --with-arch-32=i686 --with-abi=m64 --with-multilib-list=m32,m64,mx32 --enable-multilib --with-tune=generic --enable-checking=release --build=x86_64-linux-gnu --host=x86_64-linux-gnu --target=x86_64-linux-gnu
Thread model: posix
gcc version 4.9.3 (Ubuntu 4.9.3-13ubuntu2) 
configure:4238: $? = 0
configure:4227: gcc -V >&5
gcc: error: unrecognized command line option '-V'
gcc: fatal error: no input files
compilation terminated.
configure:4238: $? = 4
configure:4227: gcc -qversion >&5
gcc: error: unrecognized command line option '-qversion'
gcc: fatal error: no input files
compilation terminated.
configure:4238: $? = 4
configure:4242: checking whether we are using the GNU C compiler
configure:4261: gcc -c   conftest.c >&5
configure:4261: $? = 0
configure:4270: result: yes
configure:4279: checking whether gcc accepts -g
configure:4299: gcc -c -g  conftest.c >&5
configure:4299: $? = 0
configure:4340: result: yes
configure:4357: checking for gcc option to accept ISO C89
configure:4420: gcc  -c -g -O2  conftest.c >&5
configure:4420: $? = 0
configure:4433: result: none needed
configure:4458: checking whether gcc understands -c and -o together
configure:4480: gcc -c conftest.c -o conftest2.o
configure:4483: $? = 0
configure:4480: gcc -c conftest.c -o conftest2.o
configure:4483: $? = 0
configure:4495: result: yes
configure:4514: checking dependency style of gcc
configure:4625: result: gcc3
configure:4640: checking for a sed that does not truncate output
configure:4704: result: /bin/sed
configure:4722: checking for grep that handles long lines and -e
configure:4780: result: /bin/grep
configure:4785: checking for egrep
configure:4847: result: /bin/grep -E
configure:4852: checking for fgrep
configure:4914: result: /bin/grep -F
configure:4949: checking for ld used by gcc
configure:5016: result: /usr/bin/ld
configure:5023: checking if the linker (/usr/bin/ld) is GNU ld
configure:5038: result: yes
configure:5050: checking for BSD- or MS-compatible name lister (nm)
configure:5104: result: /usr/bin/nm -B
configure:5234: checking the name lister (/usr/bin/nm -B) interface
configure:5241: g++ -c  -O3 -std=c++0x  conftest.cpp >&5
configure:5244: /usr/bin/nm -B "conftest.o"
configure:5247: output
0000000000000000 B some_variable
configure:5254: result: BSD nm
configure:5257: checking whether ln -s works
configure:5261: result: yes
configure:5269: checking the maximum length of command line arguments
configure:5400: result: 1572864
configure:5448: checking how to convert x86_64-pc-linux-gnu file names to x86_64-pc-linux-gnu format
configure:5488: result: func_convert_file_noop
configure:5495: checking how to convert x86_64-pc-linux-gnu file names to toolchain format
configure:5515: result: func_convert_file_noop
configure:5522: checking for /usr/bin/ld option to reload object files
configure:5529: result: -r
configure:5603: checking for objdump
configure:5619: found /usr/bin/objdump
configure:5630: result: objdump
configure:5662: checking how to recognize dependent libraries
configure:5862: result: pass_all
configure:5947: checking for dlltool
configure:5977: result: no
configure:6007: checking how to associate runtime and link libraries
configure:6034: result: printf %s\n
configure:6094: checking for ar
configure:6110: found /usr/bin/ar
configure:6121: result: ar
configure:6158: checking for archiver @FILE support
configure:6175: g++ -c  -O3 -std=c++0x  conftest.cpp >&5
configure:6175: $? = 0
configure:6178: ar cru libconftest.a @conftest.lst >&5
ar: `u' modifier ignored since `D' is the default (see `U')
configure:6181: $? = 0
configure:6186: ar cru libconftest.a @conftest.lst >&5
ar: `u' modifier ignored since `D' is the default (see `U')
ar: conftest.o: No such file or directory
configure:6189: $? = 1
configure:6201: result: @
configure:6259: checking for strip
configure:6275: found /usr/bin/strip
configure:6286: result: strip
configure:6358: checking for ranlib
configure:6374: found /usr/bin/ranlib
configure:6385: result: ranlib
configure:6487: checking command to parse /usr/bin/nm -B output from gcc object
configure:6640: g++ -c  -O3 -std=c++0x  conftest.cpp >&5
configure:6643: $? = 0
configure:6647: /usr/bin/nm -B conftest.o \| sed -n -e 's/^.*[ ]\([ABCDGIRSTW][ABCDGIRSTW]*\)[ ][ ]*\([_A-Za-z][_A-Za-z0-9]*\)$/\1 \2 \2/p' | sed '/ __gnu_lto/d' \> conftest.nm
configure:6650: $? = 0
configure:6716: g++ -o conftest  -O3 -std=c++0x   conftest.cpp conftstm.o >&5
configure:6719: $? = 0
configure:6757: result: ok
configure:6804: checking for sysroot
configure:6834: result: no
configure:6841: checking for a working dd
configure:6879: result: /bin/dd
configure:6883: checking how to truncate binary pipes
configure:6898: result: /bin/dd bs=4096 count=1
configure:7035: g++ -c  -O3 -std=c++0x  conftest.cpp >&5
configure:7038: $? = 0
configure:7228: checking for mt
configure:7244: found /bin/mt
configure:7255: result: mt
configure:7278: checking if mt is a manifest tool
configure:7284: mt '-?'
configure:7292: result: no
configure:7969: checking how to run the C preprocessor
configure:8000: gcc -E  conftest.c
configure:8000: $? = 0
configure:8014: gcc -E  conftest.c
conftest.c:11:28: fatal error: ac_nonexistent.h: No such file or directory
 #include <ac_nonexistent.h>
                            ^
compilation terminated.
configure:8014: $? = 1
configure: failed program was:
| /* confdefs.h */
| #define PACKAGE_NAME "strangecalc-wrapper"
| #define PACKAGE_TARNAME "strangecalc-wrapper"
| #define PACKAGE_VERSION "10.3"
| #define PACKAGE_STRING "strangecalc-wrapper 10.3"
| #define PACKAGE_BUGREPORT ""
| #define PACKAGE_URL ""
| #define PACKAGE "strangecalc-wrapper"
| #define VERSION "10.3"
| /* end confdefs.h.  */
| #include <ac_nonexistent.h>
configure:8039: result: gcc -E
configure:8059: gcc -E  conftest.c
configure:8059: $? = 0
configure:8073: gcc -E  conftest.c
conftest.c:11:28: fatal error: ac_nonexistent.h: No such file or directory
 #include <ac_nonexistent.h>
                            ^
compilation terminated.
configure:8073: $? = 1
configure: failed program was:
| /* confdefs.h */
| #define PACKAGE_NAME "strangecalc-wrapper"
| #define PACKAGE_TARNAME "strangecalc-wrapper"
| #define PACKAGE_VERSION "10.3"
| #define PACKAGE_STRING "strangecalc-wrapper 10.3"
| #define PACKAGE_BUGREPORT ""
| #define PACKAGE_URL ""
| #define PACKAGE "strangecalc-wrapper"
| #define VERSION "10.3"
| /* end confdefs.h.  */
| #include <ac_nonexistent.h>
configure:8102: checking for ANSI C header files
configure:8122: gcc -c -g -O2  conftest.c >&5
configure:8122: $? = 0
configure:8195: gcc -o conftest -g -O2   conftest.c  >&5
configure:8195: $? = 0
configure:8195: ./conftest
configure:8195: $? = 0
configure:8206: result: yes
configure:8219: checking for sys/types.h
configure:8219: gcc -c -g -O2  conftest.c >&5
configure:8219: $? = 0
configure:8219: result: yes
configure:8219: checking for sys/stat.h
configure:8219: gcc -c -g -O2  conftest.c >&5
configure:8219: $? = 0
configure:8219: result: yes
configure:8219: checking for stdlib.h
configure:8219: gcc -c -g -O2  conftest.c >&5
configure:8219: $? = 0
configure:8219: result: yes
configure:8219: checking for string.h
configure:8219: gcc -c -g -O2  conftest.c >&5
configure:8219: $? = 0
configure:8219: result: yes
configure:8219: checking for memory.h
configure:8219: gcc -c -g -O2  conftest.c >&5
configure:8219: $? = 0
configure:8219: result: yes
configure:8219: checking for strings.h
configure:8219: gcc -c -g -O2  conftest.c >&5
configure:8219: $? = 0
configure:8219: result: yes
configure:8219: checking for inttypes.h
configure:8219: gcc -c -g -O2  conftest.c >&5
configure:8219: $? = 0
configure:8219: result: yes
configure:8219: checking for stdint.h
configure:8219: gcc -c -g -O2  conftest.c >&5
configure:8219: $? = 0
configure:8219: result: yes
configure:8219: checking for unistd.h
configure:8219: gcc -c -g -O2  conftest.c >&5
configure:8219: $? = 0
configure:8219: result: yes
configure:8233: checking for dlfcn.h
configure:8233: gcc -c -g -O2  conftest.c >&5
configure:8233: $? = 0
configure:8233: result: yes
configure:8499: checking for objdir
configure:8514: result: .libs
configure:8778: checking if gcc supports -fno-rtti -fno-exceptions
configure:8796: gcc -c -g -O2  -fno-rtti -fno-exceptions conftest.c >&5
cc1: warning: command line option '-fno-rtti' is valid for C++/ObjC++ but not for C
configure:8800: $? = 0
configure:8813: result: no
configure:9171: checking for gcc option to produce PIC
configure:9178: result: -fPIC -DPIC
configure:9186: checking if gcc PIC flag -fPIC -DPIC works
configure:9204: gcc -c -g -O2  -fPIC -DPIC -DPIC conftest.c >&5
configure:9208: $? = 0
configure:9221: result: yes
configure:9250: checking if gcc static flag -static works
configure:9278: result: yes
configure:9293: checking if gcc supports -c -o file.o
configure:9314: gcc -c -g -O2  -o out/conftest2.o conftest.c >&5
configure:9318: $? = 0
configure:9340: result: yes
configure:9348: checking if gcc supports -c -o file.o
configure:9395: result: yes
configure:9428: checking whether the gcc linker (/usr/bin/ld -m elf_x86_64) supports shared libraries
configure:10691: result: yes
configure:10728: checking whether -lc should be explicitly linked in
configure:10736: gcc -c -g -O2  conftest.c >&5
configure:10739: $? = 0
configure:10754: gcc -shared  -fPIC -DPIC conftest.o  -v -Wl,-soname -Wl,conftest -o conftest 2\>\&1 \| /bin/grep  -lc  \>/dev/null 2\>\&1
configure:10757: $? = 0
configure:10771: result: no
configure:10931: checking dynamic linker characteristics
configure:11512: gcc -o conftest -g -O2   -Wl,-rpath -Wl,/foo conftest.c  >&5
configure:11512: $? = 0
configure:11761: result: GNU/Linux ld.so
configure:11883: checking how to hardcode library paths into programs
configure:11908: result: immediate
configure:12456: checking whether stripping libraries is possible
configure:12461: result: yes
configure:12496: checking if libtool supports shared libraries
configure:12498: result: yes
configure:12501: checking whether to build shared libraries
configure:12526: result: yes
configure:12529: checking whether to build static libraries
configure:12533: result: yes
configure:12556: checking how to run the C++ preprocessor
configure:12583: g++ -E  conftest.cpp
configure:12583: $? = 0
configure:12597: g++ -E  conftest.cpp
conftest.cpp:23:28: fatal error: ac_nonexistent.h: No such file or directory
 #include <ac_nonexistent.h>
                            ^
compilation terminated.
configure:12597: $? = 1
configure: failed program was:
| /* confdefs.h */
| #define PACKAGE_NAME "strangecalc-wrapper"
| #define PACKAGE_TARNAME "strangecalc-wrapper"
| #define PACKAGE_VERSION "10.3"
| #define PACKAGE_STRING "strangecalc-wrapper 10.3"
| #define PACKAGE_BUGREPORT ""
| #define PACKAGE_URL ""
| #define PACKAGE "strangecalc-wrapper"
| #define VERSION "10.3"
| #define STDC_HEADERS 1
| #define HAVE_SYS_TYPES_H 1
| #define HAVE_SYS_STAT_H 1
| #define HAVE_STDLIB_H 1
| #define HAVE_STRING_H 1
| #define HAVE_MEMORY_H 1
| #define HAVE_STRINGS_H 1
| #define HAVE_INTTYPES_H 1
| #define HAVE_STDINT_H 1
| #define HAVE_UNISTD_H 1
| #define HAVE_DLFCN_H 1
| #define LT_OBJDIR ".libs/"
| /* end confdefs.h.  */
| #include <ac_nonexistent.h>
configure:12622: result: g++ -E
configure:12642: g++ -E  conftest.cpp
configure:12642: $? = 0
configure:12656: g++ -E  conftest.cpp
conftest.cpp:23:28: fatal error: ac_nonexistent.h: No such file or directory
 #include <ac_nonexistent.h>
                            ^
compilation terminated.
configure:12656: $? = 1
configure: failed program was:
| /* confdefs.h */
| #define PACKAGE_NAME "strangecalc-wrapper"
| #define PACKAGE_TARNAME "strangecalc-wrapper"
| #define PACKAGE_VERSION "10.3"
| #define PACKAGE_STRING "strangecalc-wrapper 10.3"
| #define PACKAGE_BUGREPORT ""
| #define PACKAGE_URL ""
| #define PACKAGE "strangecalc-wrapper"
| #define VERSION "10.3"
| #define STDC_HEADERS 1
| #define HAVE_SYS_TYPES_H 1
| #define HAVE_SYS_STAT_H 1
| #define HAVE_STDLIB_H 1
| #define HAVE_STRING_H 1
| #define HAVE_MEMORY_H 1
| #define HAVE_STRINGS_H 1
| #define HAVE_INTTYPES_H 1
| #define HAVE_STDINT_H 1
| #define HAVE_UNISTD_H 1
| #define HAVE_DLFCN_H 1
| #define LT_OBJDIR ".libs/"
| /* end confdefs.h.  */
| #include <ac_nonexistent.h>
configure:12818: checking for ld used by g++
configure:12885: result: /usr/bin/ld -m elf_x86_64
configure:12892: checking if the linker (/usr/bin/ld -m elf_x86_64) is GNU ld
configure:12907: result: yes
configure:12962: checking whether the g++ linker (/usr/bin/ld -m elf_x86_64) supports shared libraries
configure:14035: result: yes
configure:14071: g++ -c  -O3 -std=c++0x  conftest.cpp >&5
configure:14074: $? = 0
configure:14555: checking for g++ option to produce PIC
configure:14562: result: -fPIC -DPIC
configure:14570: checking if g++ PIC flag -fPIC -DPIC works
configure:14588: g++ -c  -O3 -std=c++0x  -fPIC -DPIC -DPIC conftest.cpp >&5
configure:14592: $? = 0
configure:14605: result: yes
configure:14628: checking if g++ static flag -static works
configure:14656: result: yes
configure:14668: checking if g++ supports -c -o file.o
configure:14689: g++ -c  -O3 -std=c++0x  -o out/conftest2.o conftest.cpp >&5
configure:14693: $? = 0
configure:14715: result: yes
configure:14720: checking if g++ supports -c -o file.o
configure:14767: result: yes
configure:14797: checking whether the g++ linker (/usr/bin/ld -m elf_x86_64) supports shared libraries
configure:14840: result: yes
configure:14981: checking dynamic linker characteristics
configure:15738: result: GNU/Linux ld.so
configure:15803: checking how to hardcode library paths into programs
configure:15828: result: immediate
configure:15891: checking for C++ compiler vendor
configure:15936: g++ -c  -O3 -std=c++0x  conftest.cpp >&5
conftest.cpp: In function 'int main()':
conftest.cpp:29:9: error: 'thisisanerror' was not declared in this scope
         thisisanerror;
         ^
configure:15936: $? = 1
configure: failed program was:
| /* confdefs.h */
| #define PACKAGE_NAME "strangecalc-wrapper"
| #define PACKAGE_TARNAME "strangecalc-wrapper"
| #define PACKAGE_VERSION "10.3"
| #define PACKAGE_STRING "strangecalc-wrapper 10.3"
| #define PACKAGE_BUGREPORT ""
| #define PACKAGE_URL ""
| #define PACKAGE "strangecalc-wrapper"
| #define VERSION "10.3"
| #define STDC_HEADERS 1
| #define HAVE_SYS_TYPES_H 1
| #define HAVE_SYS_STAT_H 1
| #define HAVE_STDLIB_H 1
| #define HAVE_STRING_H 1
| #define HAVE_MEMORY_H 1
| #define HAVE_STRINGS_H 1
| #define HAVE_INTTYPES_H 1
| #define HAVE_STDINT_H 1
| #define HAVE_UNISTD_H 1
| #define HAVE_DLFCN_H 1
| #define LT_OBJDIR ".libs/"
| /* end confdefs.h.  */
| 
| int
| main ()
| {
| 
|       #if !(defined(__ICC) || defined(__ECC) || defined(__INTEL_COMPILER))
|         thisisanerror;
|       #endif
| 
|   ;
|   return 0;
| }
configure:15936: g++ -c  -O3 -std=c++0x  conftest.cpp >&5
conftest.cpp: In function 'int main()':
conftest.cpp:29:9: error: 'thisisanerror' was not declared in this scope
         thisisanerror;
         ^
configure:15936: $? = 1
configure: failed program was:
| /* confdefs.h */
| #define PACKAGE_NAME "strangecalc-wrapper"
| #define PACKAGE_TARNAME "strangecalc-wrapper"
| #define PACKAGE_VERSION "10.3"
| #define PACKAGE_STRING "strangecalc-wrapper 10.3"
| #define PACKAGE_BUGREPORT ""
| #define PACKAGE_URL ""
| #define PACKAGE "strangecalc-wrapper"
| #define VERSION "10.3"
| #define STDC_HEADERS 1
| #define HAVE_SYS_TYPES_H 1
| #define HAVE_SYS_STAT_H 1
| #define HAVE_STDLIB_H 1
| #define HAVE_STRING_H 1
| #define HAVE_MEMORY_H 1
| #define HAVE_STRINGS_H 1
| #define HAVE_INTTYPES_H 1
| #define HAVE_STDINT_H 1
| #define HAVE_UNISTD_H 1
| #define HAVE_DLFCN_H 1
| #define LT_OBJDIR ".libs/"
| /* end confdefs.h.  */
| 
| int
| main ()
| {
| 
|       #if !(defined(__xlc__) || defined(__xlC__) || defined(__IBMC__) || defined(__IBMCPP__))
|         thisisanerror;
|       #endif
| 
|   ;
|   return 0;
| }
configure:15936: g++ -c  -O3 -std=c++0x  conftest.cpp >&5
conftest.cpp: In function 'int main()':
conftest.cpp:29:9: error: 'thisisanerror' was not declared in this scope
         thisisanerror;
         ^
configure:15936: $? = 1
configure: failed program was:
| /* confdefs.h */
| #define PACKAGE_NAME "strangecalc-wrapper"
| #define PACKAGE_TARNAME "strangecalc-wrapper"
| #define PACKAGE_VERSION "10.3"
| #define PACKAGE_STRING "strangecalc-wrapper 10.3"
| #define PACKAGE_BUGREPORT ""
| #define PACKAGE_URL ""
| #define PACKAGE "strangecalc-wrapper"
| #define VERSION "10.3"
| #define STDC_HEADERS 1
| #define HAVE_SYS_TYPES_H 1
| #define HAVE_SYS_STAT_H 1
| #define HAVE_STDLIB_H 1
| #define HAVE_STRING_H 1
| #define HAVE_MEMORY_H 1
| #define HAVE_STRINGS_H 1
| #define HAVE_INTTYPES_H 1
| #define HAVE_STDINT_H 1
| #define HAVE_UNISTD_H 1
| #define HAVE_DLFCN_H 1
| #define LT_OBJDIR ".libs/"
| /* end confdefs.h.  */
| 
| int
| main ()
| {
| 
|       #if !(defined(__PATHCC__) || defined(__PATHSCALE__))
|         thisisanerror;
|       #endif
| 
|   ;
|   return 0;
| }
configure:15936: g++ -c  -O3 -std=c++0x  conftest.cpp >&5
conftest.cpp: In function 'int main()':
conftest.cpp:29:9: error: 'thisisanerror' was not declared in this scope
         thisisanerror;
         ^
configure:15936: $? = 1
configure: failed program was:
| /* confdefs.h */
| #define PACKAGE_NAME "strangecalc-wrapper"
| #define PACKAGE_TARNAME "strangecalc-wrapper"
| #define PACKAGE_VERSION "10.3"
| #define PACKAGE_STRING "strangecalc-wrapper 10.3"
| #define PACKAGE_BUGREPORT ""
| #define PACKAGE_URL ""
| #define PACKAGE "strangecalc-wrapper"
| #define VERSION "10.3"
| #define STDC_HEADERS 1
| #define HAVE_SYS_TYPES_H 1
| #define HAVE_SYS_STAT_H 1
| #define HAVE_STDLIB_H 1
| #define HAVE_STRING_H 1
| #define HAVE_MEMORY_H 1
| #define HAVE_STRINGS_H 1
| #define HAVE_INTTYPES_H 1
| #define HAVE_STDINT_H 1
| #define HAVE_UNISTD_H 1
| #define HAVE_DLFCN_H 1
| #define LT_OBJDIR ".libs/"
| /* end confdefs.h.  */
| 
| int
| main ()
| {
| 
|       #if !(defined(__clang__))
|         thisisanerror;
|       #endif
| 
|   ;
|   return 0;
| }
configure:15936: g++ -c  -O3 -std=c++0x  conftest.cpp >&5
configure:15936: $? = 0
configure:15944: result: gnu
configure:15975: checking for root-config
configure:15993: found /usr/local/bin/root-config
configure:16006: result: /usr/local/bin/root-config
configure:16016: checking for root
configure:16034: found /usr/local/bin/root
configure:16047: result: /usr/local/bin/root
configure:16057: checking for rootcint
configure:16075: found /usr/local/bin/rootcint
configure:16088: result: /usr/local/bin/rootcint
configure:16112: checking wether ROOT version >= 5.23/05
configure:16121: result: yes
configure:16153: checking whether ROOT has mathmore
configure:16157: result: yes
configure:16205: checking for gsl-config
configure:16223: found /usr/bin/gsl-config
configure:16236: result: /usr/bin/gsl-config
configure:16245: checking for GSL - version >= 0.2.5
configure:16342: g++ -o conftest  -O3 -std=c++0x -I/usr/include   conftest.cpp  -L/usr/lib/x86_64-linux-gnu -lgsl -lgslcblas -lm >&5
configure:16342: $? = 0
configure:16342: ./conftest
configure:16342: $? = 0
configure:16356: result: yes
configure:16421: checking for rsync
configure:16437: found /usr/bin/rsync
configure:16449: result: yes
configure:16464: checking for svnversion
configure:16482: found /usr/bin/svnversion
configure:16494: result: /usr/bin/svnversion
configure:16613: checking for doxygen
configure:16646: result: no
configure:16666: WARNING: doxygen not found - will not generate any doxygen documentation
configure:16719: checking for perl
configure:16737: found /usr/bin/perl
configure:16749: result: /usr/bin/perl
configure:18454: checking that generated files are newer than configure
configure:18460: result: done
configure:18535: creating ./config.status

## ---------------------- ##
## Running config.status. ##
## ---------------------- ##

This file was extended by strangecalc-wrapper config.status 10.3, which was
generated by GNU Autoconf 2.69.  Invocation command line was

  CONFIG_FILES    = 
  CONFIG_HEADERS  = 
  CONFIG_LINKS    = 
  CONFIG_COMMANDS = 
  $ ./config.status 

on mgovers-X756UX

config.status:1239: creating Makefile
config.status:1239: creating src/Makefile
config.status:1239: creating src/version.h
config.status:1239: creating src/strangecalc_path.h
config.status:1239: creating tests/Makefile
config.status:1239: creating tests/setup_files/Makefile
config.status:1239: creating doc/Makefile
config.status:1239: creating doc/Doxyfile
config.status:1239: creating strangeweb/Makefile
config.status:1239: creating strangeweb/strangeweb.cpp
config.status:1239: creating share/Makefile
config.status:1239: creating share/models/rpr-2007/iso1+4/init/fit_specification
config.status:1239: creating share/models/rpr-2007/iso2+6/init/fit_specification
config.status:1239: creating share/models/rpr-2007/iso3+5/init/fit_specification
config.status:1239: creating share/models/rpr-2007-background/iso1+4/init/fit_specification
config.status:1239: creating share/models/rpr-2007-background/iso2+6/init/fit_specification
config.status:1239: creating share/models/rpr-2007-background/iso3+5/init/fit_specification
config.status:1239: creating share/models/regge-2007/iso1+4/init/fit_specification
config.status:1239: creating share/models/regge-2007/iso2+6/init/fit_specification
config.status:1239: creating share/models/regge-2007/iso3+5/init/fit_specification
config.status:1239: creating share/models/rpr-2011/iso1+4/init/fit_specification
config.status:1239: creating share/models/rpr-2011-background/iso1+4/init/fit_specification
config.status:1239: creating share/models/regge-2011/iso1+4/init/fit_specification
config.status:1239: creating share/models/VR-2014/iso8+10/init/fit_specification
config.status:1239: creating share/models/VR-2014/iso1/init/fit_specification
config.status:1239: creating config.h
config.status:1468: executing depfiles commands
config.status:1468: executing libtool commands

## ---------------- ##
## Cache variables. ##
## ---------------- ##

ac_cv_build=x86_64-pc-linux-gnu
ac_cv_c_compiler_gnu=yes
ac_cv_cxx_compiler_gnu=yes
ac_cv_env_CCC_set=
ac_cv_env_CCC_value=
ac_cv_env_CC_set=
ac_cv_env_CC_value=
ac_cv_env_CFLAGS_set=
ac_cv_env_CFLAGS_value=
ac_cv_env_CPPFLAGS_set=
ac_cv_env_CPPFLAGS_value=
ac_cv_env_CPP_set=
ac_cv_env_CPP_value=
ac_cv_env_CXXCPP_set=
ac_cv_env_CXXCPP_value=
ac_cv_env_CXXFLAGS_set=set
ac_cv_env_CXXFLAGS_value=' -O3 -std=c++0x'
ac_cv_env_CXX_set=set
ac_cv_env_CXX_value=g++
ac_cv_env_DOXYGEN_PAPER_SIZE_set=
ac_cv_env_DOXYGEN_PAPER_SIZE_value=
ac_cv_env_LDFLAGS_set=
ac_cv_env_LDFLAGS_value=
ac_cv_env_LIBS_set=
ac_cv_env_LIBS_value=
ac_cv_env_LT_SYS_LIBRARY_PATH_set=
ac_cv_env_LT_SYS_LIBRARY_PATH_value=
ac_cv_env_build_alias_set=
ac_cv_env_build_alias_value=
ac_cv_env_host_alias_set=
ac_cv_env_host_alias_value=
ac_cv_env_target_alias_set=
ac_cv_env_target_alias_value=
ac_cv_header_dlfcn_h=yes
ac_cv_header_inttypes_h=yes
ac_cv_header_memory_h=yes
ac_cv_header_stdc=yes
ac_cv_header_stdint_h=yes
ac_cv_header_stdlib_h=yes
ac_cv_header_string_h=yes
ac_cv_header_strings_h=yes
ac_cv_header_sys_stat_h=yes
ac_cv_header_sys_types_h=yes
ac_cv_header_unistd_h=yes
ac_cv_host=x86_64-pc-linux-gnu
ac_cv_objext=o
ac_cv_path_EGREP='/bin/grep -E'
ac_cv_path_FGREP='/bin/grep -F'
ac_cv_path_GREP=/bin/grep
ac_cv_path_GSL_CONFIG=/usr/bin/gsl-config
ac_cv_path_ROOTCINT=/usr/local/bin/rootcint
ac_cv_path_ROOTCONF=/usr/local/bin/root-config
ac_cv_path_ROOTEXEC=/usr/local/bin/root
ac_cv_path_SED=/bin/sed
ac_cv_path_ac_pt_DX_PERL=/usr/bin/perl
ac_cv_path_install='/usr/bin/install -c'
ac_cv_path_lt_DD=/bin/dd
ac_cv_path_mkdir=/bin/mkdir
ac_cv_path_svnversioncommand=/usr/bin/svnversion
ac_cv_prog_AWK=mawk
ac_cv_prog_CPP='gcc -E'
ac_cv_prog_CXXCPP='g++ -E'
ac_cv_prog_RSYNC=yes
ac_cv_prog_ac_ct_AR=ar
ac_cv_prog_ac_ct_CC=gcc
ac_cv_prog_ac_ct_MANIFEST_TOOL=mt
ac_cv_prog_ac_ct_OBJDUMP=objdump
ac_cv_prog_ac_ct_RANLIB=ranlib
ac_cv_prog_ac_ct_STRIP=strip
ac_cv_prog_cc_c89=
ac_cv_prog_cc_g=yes
ac_cv_prog_cxx_g=yes
ac_cv_prog_make_make_set=yes
am_cv_CC_dependencies_compiler_type=gcc3
am_cv_CXX_dependencies_compiler_type=gcc3
am_cv_make_support_nested_variables=yes
am_cv_prog_cc_c_o=yes
ax_cv_cxx_compiler_vendor=gnu
lt_cv_ar_at_file=@
lt_cv_archive_cmds_need_lc=no
lt_cv_deplibs_check_method=pass_all
lt_cv_file_magic_cmd='$MAGIC_CMD'
lt_cv_file_magic_test_file=
lt_cv_ld_reload_flag=-r
lt_cv_nm_interface='BSD nm'
lt_cv_objdir=.libs
lt_cv_path_LD=/usr/bin/ld
lt_cv_path_LDCXX='/usr/bin/ld -m elf_x86_64'
lt_cv_path_NM='/usr/bin/nm -B'
lt_cv_path_mainfest_tool=no
lt_cv_prog_compiler_c_o=yes
lt_cv_prog_compiler_c_o_CXX=yes
lt_cv_prog_compiler_pic='-fPIC -DPIC'
lt_cv_prog_compiler_pic_CXX='-fPIC -DPIC'
lt_cv_prog_compiler_pic_works=yes
lt_cv_prog_compiler_pic_works_CXX=yes
lt_cv_prog_compiler_rtti_exceptions=no
lt_cv_prog_compiler_static_works=yes
lt_cv_prog_compiler_static_works_CXX=yes
lt_cv_prog_gnu_ld=yes
lt_cv_prog_gnu_ldcxx=yes
lt_cv_sharedlib_from_linklib_cmd='printf %s\n'
lt_cv_shlibpath_overrides_runpath=no
lt_cv_sys_global_symbol_pipe='sed -n -e '\''s/^.*[	 ]\([ABCDGIRSTW][ABCDGIRSTW]*\)[	 ][	 ]*\([_A-Za-z][_A-Za-z0-9]*\)$/\1 \2 \2/p'\'' | sed '\''/ __gnu_lto/d'\'''
lt_cv_sys_global_symbol_to_c_name_address='sed -n -e '\''s/^: \(.*\) .*$/  {"\1", (void *) 0},/p'\'' -e '\''s/^[ABCDGIRSTW][ABCDGIRSTW]* .* \(.*\)$/  {"\1", (void *) \&\1},/p'\'''
lt_cv_sys_global_symbol_to_c_name_address_lib_prefix='sed -n -e '\''s/^: \(.*\) .*$/  {"\1", (void *) 0},/p'\'' -e '\''s/^[ABCDGIRSTW][ABCDGIRSTW]* .* \(lib.*\)$/  {"\1", (void *) \&\1},/p'\'' -e '\''s/^[ABCDGIRSTW][ABCDGIRSTW]* .* \(.*\)$/  {"lib\1", (void *) \&\1},/p'\'''
lt_cv_sys_global_symbol_to_cdecl='sed -n -e '\''s/^T .* \(.*\)$/extern int \1();/p'\'' -e '\''s/^[ABCDGIRSTW][ABCDGIRSTW]* .* \(.*\)$/extern char \1;/p'\'''
lt_cv_sys_global_symbol_to_import=
lt_cv_sys_max_cmd_len=1572864
lt_cv_to_host_file_cmd=func_convert_file_noop
lt_cv_to_tool_file_cmd=func_convert_file_noop
lt_cv_truncate_bin='/bin/dd bs=4096 count=1'

## ----------------- ##
## Output variables. ##
## ----------------- ##

ACLOCAL='${SHELL} /home/mgovers/Software/strangecalc/wrapper/config/missing aclocal-1.15'
AMDEPBACKSLASH='\'
AMDEP_FALSE='#'
AMDEP_TRUE=''
AMTAR='$${TAR-tar}'
AM_BACKSLASH='\'
AM_DEFAULT_V='$(AM_DEFAULT_VERBOSITY)'
AM_DEFAULT_VERBOSITY='1'
AM_V='$(V)'
AR='ar'
AUTOCONF='${SHELL} /home/mgovers/Software/strangecalc/wrapper/config/missing autoconf'
AUTOHEADER='${SHELL} /home/mgovers/Software/strangecalc/wrapper/config/missing autoheader'
AUTOMAKE='${SHELL} /home/mgovers/Software/strangecalc/wrapper/config/missing automake-1.15'
AWK='mawk'
CC='gcc'
CCDEPMODE='depmode=gcc3'
CFLAGS='-g -O2'
CPP='gcc -E'
CPPFLAGS=''
CXX='g++'
CXXCPP='g++ -E'
CXXDEPMODE='depmode=gcc3'
CXXFLAGS=' -O3 -std=c++0x -I/usr/include'
CYGPATH_W='echo'
DEFS='-DHAVE_CONFIG_H'
DEPDIR='.deps'
DLLTOOL='false'
DOXYGEN_PAPER_SIZE=''
DSYMUTIL=''
DUMPBIN=''
DX_COND_chi_FALSE=''
DX_COND_chi_TRUE='#'
DX_COND_chm_FALSE=''
DX_COND_chm_TRUE='#'
DX_COND_doc_FALSE=''
DX_COND_doc_TRUE='#'
DX_COND_dot_FALSE=''
DX_COND_dot_TRUE='#'
DX_COND_html_FALSE=''
DX_COND_html_TRUE='#'
DX_COND_latex_FALSE=''
DX_COND_latex_TRUE='#'
DX_COND_man_FALSE=''
DX_COND_man_TRUE='#'
DX_COND_pdf_FALSE=''
DX_COND_pdf_TRUE='#'
DX_COND_ps_FALSE=''
DX_COND_ps_TRUE='#'
DX_COND_rtf_FALSE=''
DX_COND_rtf_TRUE='#'
DX_COND_xml_FALSE=''
DX_COND_xml_TRUE='#'
DX_CONFIG='/doc/Doxyfile'
DX_DOCDIR='/htmldoc'
DX_DOT=''
DX_DOXYGEN=''
DX_DVIPS=''
DX_EGREP=''
DX_ENV=' SRCDIR='\''.'\'' PROJECT='\''strangecalc-wrapper'\'' DOCDIR='\''/htmldoc'\'' VERSION='\''10.3'\'' HAVE_DOT='\''NO'\'' GENERATE_MAN='\''NO'\'' GENERATE_RTF='\''NO'\'' GENERATE_XML='\''NO'\'' GENERATE_HTMLHELP='\''NO'\'' GENERATE_CHI='\''NO'\'' GENERATE_HTML='\''NO'\'' GENERATE_LATEX='\''NO'\'''
DX_FLAG_chi='0'
DX_FLAG_chm='0'
DX_FLAG_doc='0'
DX_FLAG_dot='0'
DX_FLAG_html='0'
DX_FLAG_man='0'
DX_FLAG_pdf='0'
DX_FLAG_ps='0'
DX_FLAG_rtf='0'
DX_FLAG_xml='0'
DX_HHC=''
DX_LATEX=''
DX_MAKEINDEX=''
DX_PDFLATEX=''
DX_PERL='/usr/bin/perl'
DX_PROJECT='strangecalc-wrapper'
ECHO_C=''
ECHO_N='-n'
ECHO_T=''
EGREP='/bin/grep -E'
EXEEXT=''
FGREP='/bin/grep -F'
GREP='/bin/grep'
GSL_CFLAGS='-I/usr/include'
GSL_CONFIG='/usr/bin/gsl-config'
GSL_LIBS='-L/usr/lib/x86_64-linux-gnu -lgsl -lgslcblas -lm'
INSTALL_DATA='${INSTALL} -m 644'
INSTALL_PROGRAM='${INSTALL}'
INSTALL_SCRIPT='${INSTALL}'
INSTALL_STRIP_PROGRAM='$(install_sh) -c -s'
LD='/usr/bin/ld -m elf_x86_64'
LDFLAGS=''
LIBOBJS=''
LIBS=''
LIBTOOL='$(SHELL) $(top_builddir)/libtool'
LIPO=''
LN_S='ln -s'
LTLIBOBJS=''
LT_SYS_LIBRARY_PATH=''
MAKEINFO='${SHELL} /home/mgovers/Software/strangecalc/wrapper/config/missing makeinfo'
MANIFEST_TOOL=':'
MKDIR_P='/bin/mkdir -p'
NM='/usr/bin/nm -B'
NMEDIT=''
OBJDUMP='objdump'
OBJEXT='o'
OTOOL64=''
OTOOL=''
PACKAGE='strangecalc-wrapper'
PACKAGE_BUGREPORT=''
PACKAGE_NAME='strangecalc-wrapper'
PACKAGE_STRING='strangecalc-wrapper 10.3'
PACKAGE_TARNAME='strangecalc-wrapper'
PACKAGE_URL=''
PACKAGE_VERSION='10.3'
PATH_SEPARATOR=':'
RANLIB='ranlib'
ROOTAUXCFLAGS='-pthread -std=c++11 -Wno-deprecated-declarations -m64'
ROOTAUXLIBS='-pthread -lm -ldl -rdynamic'
ROOTCFLAGS='-I/usr/local/include'
ROOTCINT='/usr/local/bin/rootcint'
ROOTCONF='/usr/local/bin/root-config'
ROOTETCDIR='/usr/local/etc'
ROOTEXEC='/usr/local/bin/root'
ROOTGLIBS='-lGui -lCore -lRIO -lNet -lHist -lGraf -lGraf3d -lGpad -lTree -lRint -lPostscript -lMatrix -lPhysics -lMathCore -lThread -lMultiProc'
ROOTINCDIR='/usr/local/include'
ROOTLIBDIR='/usr/local/lib'
ROOTLIBS='-lCore -lRIO -lNet -lHist -lGraf -lGraf3d -lGpad -lTree -lRint -lPostscript -lMatrix -lPhysics -lMathCore -lThread -lMultiProc'
ROOTRPATH='/usr/local/lib'
RSYNC='yes'
SED='/bin/sed'
SET_MAKE=''
SHELL='/bin/bash'
STRIP='strip'
SVNREVISION='2783M'
USE_INTEL_COMPILER_FALSE=''
USE_INTEL_COMPILER_TRUE='#'
VERSION='10.3'
ac_aux_dir='config'
ac_ct_AR='ar'
ac_ct_CC='gcc'
ac_ct_CXX=''
ac_ct_DUMPBIN=''
am__EXEEXT_FALSE=''
am__EXEEXT_TRUE='#'
am__fastdepCC_FALSE='#'
am__fastdepCC_TRUE=''
am__fastdepCXX_FALSE='#'
am__fastdepCXX_TRUE=''
am__include='include'
am__isrc=''
am__leading_dot='.'
am__nodep='_no'
am__quote=''
am__tar='$${TAR-tar} chof - "$$tardir"'
am__untar='$${TAR-tar} xf -'
bindir='${exec_prefix}/bin'
build='x86_64-pc-linux-gnu'
build_alias=''
build_cpu='x86_64'
build_os='linux-gnu'
build_vendor='pc'
datadir='${datarootdir}'
datarootdir='${prefix}/share'
docdir='${datarootdir}/doc/${PACKAGE_TARNAME}'
dvidir='${docdir}'
exec_prefix='${prefix}'
host='x86_64-pc-linux-gnu'
host_alias=''
host_cpu='x86_64'
host_os='linux-gnu'
host_vendor='pc'
htmldir='${docdir}'
includedir='${prefix}/include'
infodir='${datarootdir}/info'
install_sh='${SHELL} /home/mgovers/Software/strangecalc/wrapper/config/install-sh'
libdir='${exec_prefix}/lib'
libexecdir='${exec_prefix}/libexec'
localedir='${datarootdir}/locale'
localstatedir='${prefix}/var'
mandir='${datarootdir}/man'
mkdir_p='$(MKDIR_P)'
oldincludedir='/usr/include'
pdfdir='${docdir}'
prefix='/home/mgovers/Software/strangecalc'
program_transform_name='s,x,x,'
psdir='${docdir}'
runstatedir='${localstatedir}/run'
sbindir='${exec_prefix}/sbin'
sharedstatedir='${prefix}/com'
svnversioncommand='/usr/bin/svnversion'
sysconfdir='${prefix}/etc'
target_alias=''

## ----------- ##
## confdefs.h. ##
## ----------- ##

/* confdefs.h */
#define PACKAGE_NAME "strangecalc-wrapper"
#define PACKAGE_TARNAME "strangecalc-wrapper"
#define PACKAGE_VERSION "10.3"
#define PACKAGE_STRING "strangecalc-wrapper 10.3"
#define PACKAGE_BUGREPORT ""
#define PACKAGE_URL ""
#define PACKAGE "strangecalc-wrapper"
#define VERSION "10.3"
#define STDC_HEADERS 1
#define HAVE_SYS_TYPES_H 1
#define HAVE_SYS_STAT_H 1
#define HAVE_STDLIB_H 1
#define HAVE_STRING_H 1
#define HAVE_MEMORY_H 1
#define HAVE_STRINGS_H 1
#define HAVE_INTTYPES_H 1
#define HAVE_STDINT_H 1
#define HAVE_UNISTD_H 1
#define HAVE_DLFCN_H 1
#define LT_OBJDIR ".libs/"

configure: exit 0
